c:\users\user\onedrive\שולחן העבודה\software ingeneering\year3 semester2\c++\orilibrary\x64\debug\vc143.pdb
c:\users\user\onedrive\שולחן העבודה\software ingeneering\year3 semester2\c++\orilibrary\x64\debug\vc143.idb
c:\users\user\onedrive\שולחן העבודה\software ingeneering\year3 semester2\c++\orilibrary\x64\debug\physicalbook.obj
c:\users\user\onedrive\שולחן העבודה\software ingeneering\year3 semester2\c++\orilibrary\x64\debug\notebook.obj
c:\users\user\onedrive\שולחן העבודה\software ingeneering\year3 semester2\c++\orilibrary\x64\debug\memberemployee.obj
c:\users\user\onedrive\שולחן העבודה\software ingeneering\year3 semester2\c++\orilibrary\x64\debug\member.obj
c:\users\user\onedrive\שולחן העבודה\software ingeneering\year3 semester2\c++\orilibrary\x64\debug\main.obj
c:\users\user\onedrive\שולחן העבודה\software ingeneering\year3 semester2\c++\orilibrary\x64\debug\loan.obj
c:\users\user\onedrive\שולחן העבודה\software ingeneering\year3 semester2\c++\orilibrary\x64\debug\library.obj
c:\users\user\onedrive\שולחן העבודה\software ingeneering\year3 semester2\c++\orilibrary\x64\debug\employee.obj
c:\users\user\onedrive\שולחן העבודה\software ingeneering\year3 semester2\c++\orilibrary\x64\debug\ebook.obj
c:\users\user\onedrive\שולחן העבודה\software ingeneering\year3 semester2\c++\orilibrary\x64\debug\date.obj
c:\users\user\onedrive\שולחן העבודה\software ingeneering\year3 semester2\c++\orilibrary\x64\debug\book.obj
c:\users\user\onedrive\שולחן העבודה\software ingeneering\year3 semester2\c++\orilibrary\x64\debug\administrator.obj
c:\users\user\onedrive\שולחן העבודה\software ingeneering\year3 semester2\c++\orilibrary\x64\debug\library.ilk
c:\users\user\onedrive\שולחן העבודה\software ingeneering\year3 semester2\c++\orilibrary\x64\debug\library.exe
c:\users\user\onedrive\שולחן העבודה\software ingeneering\year3 semester2\c++\orilibrary\x64\debug\library.pdb
c:\users\user\onedrive\שולחן העבודה\software ingeneering\year3 semester2\c++\orilibrary\x64\debug\library.tlog\cl.command.1.tlog
c:\users\user\onedrive\שולחן העבודה\software ingeneering\year3 semester2\c++\orilibrary\x64\debug\library.tlog\cl.items.tlog
c:\users\user\onedrive\שולחן העבודה\software ingeneering\year3 semester2\c++\orilibrary\x64\debug\library.tlog\cl.read.1.tlog
c:\users\user\onedrive\שולחן העבודה\software ingeneering\year3 semester2\c++\orilibrary\x64\debug\library.tlog\cl.write.1.tlog
c:\users\user\onedrive\שולחן העבודה\software ingeneering\year3 semester2\c++\orilibrary\x64\debug\library.tlog\link.command.1.tlog
c:\users\user\onedrive\שולחן העבודה\software ingeneering\year3 semester2\c++\orilibrary\x64\debug\library.tlog\link.read.1.tlog
c:\users\user\onedrive\שולחן העבודה\software ingeneering\year3 semester2\c++\orilibrary\x64\debug\library.tlog\link.write.1.tlog
